<?xml version="1.0" encoding="UTF-8"?>
<!-- Generated by org.testng.reporters.JUnitReportReporter -->
<testsuite hostname="BDC6-DX-6DX5NK2" name="com.TestMe.TestAutomation" tests="1" failures="0" timestamp="8 Nov 2019 09:34:59 GMT" time="76.504" errors="0">
  <testcase name="user_login_logout" time="76.504" classname="com.TestMe.TestAutomation"/>
</testsuite> <!-- com.TestMe.TestAutomation -->
